k:\university work\year 2\oo development\assignment\udp\client\client\debug\client.pch
k:\university work\year 2\oo development\assignment\udp\client\client\debug\vc140.pdb
k:\university work\year 2\oo development\assignment\udp\client\client\debug\vc140.idb
k:\university work\year 2\oo development\assignment\udp\client\client\debug\stdafx.obj
k:\university work\year 2\oo development\assignment\udp\client\client\debug\client.obj
k:\university work\year 2\oo development\assignment\udp\client\client\debug\udpconnection.obj
k:\university work\year 2\oo development\assignment\udp\client\client\debug\entrypoint.obj
k:\university work\year 2\oo development\assignment\udp\client\client\debug\airplane.obj
k:\university work\year 2\oo development\assignment\udp\client\client\debug\clock.obj
k:\university work\year 2\oo development\assignment\udp\client\client\debug\enginesensor.obj
k:\university work\year 2\oo development\assignment\udp\client\client\debug\gpssensor.obj
k:\university work\year 2\oo development\assignment\udp\client\client\debug\orientationsensor.obj
k:\university work\year 2\oo development\assignment\udp\client\client\debug\packet.obj
k:\university work\year 2\oo development\assignment\udp\client\client\debug\speedsensor.obj
k:\university work\year 2\oo development\assignment\udp\client\client\debug\random.obj
k:\university work\year 2\oo development\assignment\udp\client\client\debug\time.obj
k:\university work\year 2\oo development\assignment\udp\client\debug\client.ilk
k:\university work\year 2\oo development\assignment\udp\client\debug\client.exe
k:\university work\year 2\oo development\assignment\udp\client\debug\client.pdb
k:\university work\year 2\oo development\assignment\udp\client\client\debug\client.obj.enc
k:\university work\year 2\oo development\assignment\udp\client\client\debug\client.tlog\link.command.1.tlog
k:\university work\year 2\oo development\assignment\udp\client\client\debug\client.tlog\cl.write.1.tlog
k:\university work\year 2\oo development\assignment\udp\client\client\debug\client.tlog\link.read.1.tlog
k:\university work\year 2\oo development\assignment\udp\client\client\debug\client.tlog\cl.command.1.tlog
k:\university work\year 2\oo development\assignment\udp\client\client\debug\client.tlog\cl.read.1.tlog
k:\university work\year 2\oo development\assignment\udp\client\client\debug\client.tlog\link.write.1.tlog
