k:\university work\year 2\oo development\assignment\udp\server\server\debug\server.pch.codeanalysis
k:\university work\year 2\oo development\assignment\udp\server\server\debug\vc140.pdb
k:\university work\year 2\oo development\assignment\udp\server\server\debug\vc140.idb
k:\university work\year 2\oo development\assignment\udp\server\server\debug\server.pch.codeanalysisast
k:\university work\year 2\oo development\assignment\udp\server\server\debug\stdafx.nativecodeanalysis.xml
k:\university work\year 2\oo development\assignment\udp\server\server\debug\stdafx.obj
k:\university work\year 2\oo development\assignment\udp\server\server\debug\server.pch
k:\university work\year 2\oo development\assignment\udp\server\server\debug\alarm.nativecodeanalysis.xml
k:\university work\year 2\oo development\assignment\udp\server\server\debug\entrypoint.nativecodeanalysis.xml
k:\university work\year 2\oo development\assignment\udp\server\server\debug\filewriter.nativecodeanalysis.xml
k:\university work\year 2\oo development\assignment\udp\server\server\debug\loginauthenticator.nativecodeanalysis.xml
k:\university work\year 2\oo development\assignment\udp\server\server\debug\packet.nativecodeanalysis.xml
k:\university work\year 2\oo development\assignment\udp\server\server\debug\server.nativecodeanalysis.xml
k:\university work\year 2\oo development\assignment\udp\server\server\debug\soundmanager.nativecodeanalysis.xml
k:\university work\year 2\oo development\assignment\udp\server\server\debug\udpconnection.nativecodeanalysis.xml
k:\university work\year 2\oo development\assignment\udp\server\server\debug\udpconnection.obj
k:\university work\year 2\oo development\assignment\udp\server\server\debug\soundmanager.obj
k:\university work\year 2\oo development\assignment\udp\server\server\debug\server.obj
k:\university work\year 2\oo development\assignment\udp\server\server\debug\packet.obj
k:\university work\year 2\oo development\assignment\udp\server\server\debug\loginauthenticator.obj
k:\university work\year 2\oo development\assignment\udp\server\server\debug\filewriter.obj
k:\university work\year 2\oo development\assignment\udp\server\server\debug\entrypoint.obj
k:\university work\year 2\oo development\assignment\udp\server\server\debug\alarm.obj
k:\university work\year 2\oo development\assignment\udp\server\debug\server.ilk
k:\university work\year 2\oo development\assignment\udp\server\debug\server.exe
k:\university work\year 2\oo development\assignment\udp\server\debug\server.pdb
k:\university work\year 2\oo development\assignment\udp\server\server\debug\nativecodeanalysis.read.1.tlog
k:\university work\year 2\oo development\assignment\udp\server\server\debug\vc.nativecodeanalysis.all.xml
k:\university work\year 2\oo development\assignment\udp\server\server\debug\server.tlog\link.command.1.tlog
k:\university work\year 2\oo development\assignment\udp\server\server\debug\server.tlog\cl.write.1.tlog
k:\university work\year 2\oo development\assignment\udp\server\server\debug\server.tlog\link.read.1.tlog
k:\university work\year 2\oo development\assignment\udp\server\server\debug\server.tlog\cl.command.1.tlog
k:\university work\year 2\oo development\assignment\udp\server\server\debug\server.tlog\cl.read.1.tlog
k:\university work\year 2\oo development\assignment\udp\server\server\debug\server.tlog\link.write.1.tlog
